2020-08-13 16:14:05,352 [main] INFO  KHSPortal_Automation  - Job Started
2020-08-13 16:14:22,158 [main] INFO  KHSPortal_Automation  - Login Successfull
2020-08-13 16:14:34,718 [main] INFO  KHSPortal_Automation  - Order listing Sussessfull
2020-08-13 16:14:35,551 [main] INFO  KHSPortal_Automation  - Order downloaded: 0045198838
2020-08-13 16:14:37,787 [main] INFO  KHSPortal_Automation  - Order downloaded: 0045197976
2020-08-13 16:14:40,049 [main] INFO  KHSPortal_Automation  - Order downloaded: 0045196634
2020-08-13 16:14:51,260 [main] INFO  KHSPortal_Automation  - Job Ended
2020-08-13 17:26:20,152 [main] INFO  KHSPortal_Automation  - Job Started
2020-08-13 17:26:50,388 [main] INFO  KHSPortal_Automation  - Login Successfull
2020-08-13 17:27:01,086 [main] INFO  KHSPortal_Automation  - Order listing Sussessfull
2020-08-13 17:27:02,146 [main] INFO  KHSPortal_Automation  - Order downloaded: 0045197976
2020-08-13 17:27:04,555 [main] INFO  KHSPortal_Automation  - Order downloaded: 0045196634
2020-08-13 17:27:14,464 [main] INFO  KHSPortal_Automation  - Job Ended
2020-08-13 17:34:04,546 [main] INFO  KHSPortal_Automation  - Job Started
2020-08-13 17:34:28,705 [main] INFO  KHSPortal_Automation  - Login Successfull
2020-08-13 17:34:37,341 [main] INFO  KHSPortal_Automation  - Order listing Sussessfull
2020-08-13 17:34:38,084 [main] INFO  KHSPortal_Automation  - Order downloaded: 0045197976
2020-08-13 17:34:40,464 [main] INFO  KHSPortal_Automation  - Order downloaded: 0045196634
2020-08-13 17:34:47,686 [main] INFO  KHSPortal_Automation  - Job Ended
2020-08-13 17:36:25,555 [main] INFO  KHSPortal_Automation  - Job Started
2020-08-13 17:40:53,199 [main] INFO  KHSPortal_Automation  - Job Started
