2020-08-04 12:13:10,148 [main] INFO  KHSPortal_Automation  - Job Started
2020-08-04 12:13:22,658 [main] INFO  KHSPortal_Automation  - Login Successfull
2020-08-04 12:13:27,418 [main] INFO  KHSPortal_Automation  - Order listing Sussessfull
2020-08-04 12:13:27,687 [main] INFO  KHSPortal_Automation  - Order downloaded: 0045190160
2020-08-04 12:13:33,604 [main] INFO  KHSPortal_Automation  - Job Ended
2020-08-04 12:14:18,250 [main] INFO  KHSPortal_Automation  - Job Started
2020-08-04 12:14:30,263 [main] INFO  KHSPortal_Automation  - Login Successfull
2020-08-04 12:14:36,498 [main] INFO  KHSPortal_Automation  - Order listing Sussessfull
2020-08-04 12:14:36,796 [main] INFO  KHSPortal_Automation  - Order downloaded: 0045190160
2020-08-04 12:14:42,689 [main] INFO  KHSPortal_Automation  - Job Ended
2020-08-04 12:17:16,718 [main] INFO  KHSPortal_Automation  - Job Started
2020-08-04 12:17:28,837 [main] INFO  KHSPortal_Automation  - Login Successfull
2020-08-04 12:17:35,682 [main] INFO  KHSPortal_Automation  - Order listing Sussessfull
2020-08-04 12:17:35,960 [main] INFO  KHSPortal_Automation  - Order downloaded: 0045190160
2020-08-04 12:17:41,866 [main] INFO  KHSPortal_Automation  - Job Ended
2020-08-04 15:26:39,620 [main] INFO  KHSPortal_Automation  - Job Started
2020-08-04 15:31:51,590 [main] INFO  KHSPortal_Automation  - Job Started
2020-08-04 15:32:23,557 [main] INFO  KHSPortal_Automation  - Login Successfull
2020-08-04 15:32:34,107 [main] INFO  KHSPortal_Automation  - Order listing Sussessfull
2020-08-04 15:32:34,650 [main] INFO  KHSPortal_Automation  - Order downloaded: 0045195690
2020-08-04 15:32:36,893 [main] INFO  KHSPortal_Automation  - Order downloaded: 0045195681
2020-08-04 15:32:39,116 [main] INFO  KHSPortal_Automation  - Order downloaded: 0045190160
2020-08-04 15:32:47,487 [main] INFO  KHSPortal_Automation  - Job Ended
2020-08-04 16:53:03,202 [main] INFO  KHSPortal_Automation  - Job Started
2020-08-04 16:53:28,659 [main] INFO  KHSPortal_Automation  - Login Successfull
2020-08-04 16:53:35,817 [main] INFO  KHSPortal_Automation  - Order listing Sussessfull
2020-08-04 16:53:36,720 [main] INFO  KHSPortal_Automation  - Order downloaded: 0045195690
2020-08-04 16:53:39,096 [main] INFO  KHSPortal_Automation  - Order downloaded: 0045195681
2020-08-04 16:53:41,514 [main] INFO  KHSPortal_Automation  - Order downloaded: 0045190160
2020-08-04 16:53:45,970 [main] INFO  KHSPortal_Automation  - Job Ended
2020-08-04 17:28:57,968 [main] INFO  KHSPortal_Automation  - Job Started
2020-08-04 17:29:34,841 [main] INFO  KHSPortal_Automation  - Login Successfull
2020-08-04 17:29:43,375 [main] INFO  KHSPortal_Automation  - Order listing Sussessfull
2020-08-04 17:29:44,269 [main] INFO  KHSPortal_Automation  - Order downloaded: 0045195690
2020-08-04 17:29:46,598 [main] INFO  KHSPortal_Automation  - Order downloaded: 0045195681
2020-08-04 17:29:48,917 [main] INFO  KHSPortal_Automation  - Order downloaded: 0045190160
2020-08-04 17:29:53,356 [main] INFO  KHSPortal_Automation  - Job Ended
2020-08-04 19:20:50,973 [main] INFO  KHSPortal_Automation  - Job Started
2020-08-04 19:21:12,287 [main] INFO  KHSPortal_Automation  - Login Successfull
2020-08-04 19:21:17,777 [main] INFO  KHSPortal_Automation  - Order listing Sussessfull
2020-08-04 19:21:18,677 [main] INFO  KHSPortal_Automation  - Order downloaded: 0045195690
2020-08-04 19:21:21,024 [main] INFO  KHSPortal_Automation  - Order downloaded: 0045195689
2020-08-04 19:21:23,361 [main] INFO  KHSPortal_Automation  - Order downloaded: 0045195681
2020-08-04 19:21:25,687 [main] INFO  KHSPortal_Automation  - Order downloaded: 0045190160
2020-08-04 19:21:30,099 [main] INFO  KHSPortal_Automation  - Job Ended
2020-08-04 19:31:09,482 [main] INFO  KHSPortal_Automation  - Job Started
2020-08-04 19:31:27,996 [main] INFO  KHSPortal_Automation  - Login Successfull
2020-08-04 19:31:35,075 [main] INFO  KHSPortal_Automation  - Order listing Sussessfull
2020-08-04 19:31:36,054 [main] INFO  KHSPortal_Automation  - Order downloaded: 0045195690
2020-08-04 19:31:38,450 [main] INFO  KHSPortal_Automation  - Order downloaded: 0045195689
2020-08-04 19:31:40,826 [main] INFO  KHSPortal_Automation  - Order downloaded: 0045195681
2020-08-04 19:31:43,079 [main] INFO  KHSPortal_Automation  - Order downloaded: 0045190160
2020-08-04 19:31:48,006 [main] INFO  KHSPortal_Automation  - Job Started
2020-08-04 19:32:00,467 [main] INFO  KHSPortal_Automation  - Job Started
2020-08-04 19:32:00,931 [main] INFO  KHSPortal_Automation  - Job Started
2020-08-04 19:32:05,306 [main] INFO  KHSPortal_Automation  - Job Started
2020-08-04 19:41:09,668 [main] INFO  KHSPortal_Automation  - Job Started
2020-08-04 19:41:28,359 [main] INFO  KHSPortal_Automation  - Login Successfull
2020-08-04 19:41:36,024 [main] INFO  KHSPortal_Automation  - Order listing Sussessfull
2020-08-04 19:41:36,897 [main] INFO  KHSPortal_Automation  - Order downloaded: 0045195690
2020-08-04 19:41:39,300 [main] INFO  KHSPortal_Automation  - Order downloaded: 0045195689
2020-08-04 19:41:41,733 [main] INFO  KHSPortal_Automation  - Order downloaded: 0045195681
2020-08-04 19:41:44,144 [main] INFO  KHSPortal_Automation  - Order downloaded: 0045190160
2020-08-04 19:41:48,903 [main] INFO  KHSPortal_Automation  - Job Started
2020-08-04 19:42:01,484 [main] INFO  KHSPortal_Automation  - Job Started
2020-08-04 19:42:03,676 [main] INFO  KHSPortal_Automation  - Job Started
2020-08-04 19:42:05,856 [main] INFO  KHSPortal_Automation  - Login Successfull
2020-08-04 19:42:06,137 [main] INFO  KHSPortal_Automation  - Job Started
2020-08-04 19:42:18,159 [main] INFO  KHSPortal_Automation  - Order listing Sussessfull
2020-08-04 19:42:19,311 [main] INFO  KHSPortal_Automation  - Order downloaded: 0045195690
2020-08-04 19:42:21,708 [main] INFO  KHSPortal_Automation  - Order downloaded: 0045195689
2020-08-04 19:42:24,111 [main] INFO  KHSPortal_Automation  - Order downloaded: 0045195681
2020-08-04 19:42:26,581 [main] INFO  KHSPortal_Automation  - Order downloaded: 0045190160
2020-08-04 19:42:31,448 [main] INFO  KHSPortal_Automation  - Job Started
2020-08-04 19:43:11,562 [main] INFO  KHSPortal_Automation  - Login Successfull
2020-08-04 19:45:20,338 [main] INFO  KHSPortal_Automation  - Job Started
2020-08-04 19:45:33,275 [main] INFO  KHSPortal_Automation  - Login Successfull
2020-08-04 19:45:39,356 [main] INFO  KHSPortal_Automation  - Order listing Sussessfull
2020-08-04 19:45:39,749 [main] INFO  KHSPortal_Automation  - Order downloaded: 0045195690
2020-08-04 19:45:41,938 [main] INFO  KHSPortal_Automation  - Order downloaded: 0045195689
2020-08-04 19:45:44,148 [main] INFO  KHSPortal_Automation  - Order downloaded: 0045195681
2020-08-04 19:45:46,381 [main] INFO  KHSPortal_Automation  - Order downloaded: 0045190160
2020-08-04 19:45:50,414 [main] INFO  KHSPortal_Automation  - Job Started
2020-08-04 19:46:03,493 [main] INFO  KHSPortal_Automation  - Job Started
2020-08-04 19:46:05,803 [main] INFO  KHSPortal_Automation  - Job Started
2020-08-04 19:46:07,997 [main] INFO  KHSPortal_Automation  - Job Started
2020-08-04 19:46:08,767 [main] INFO  KHSPortal_Automation  - Login Successfull
2020-08-04 19:46:15,076 [main] INFO  KHSPortal_Automation  - Order listing Sussessfull
2020-08-04 19:46:15,475 [main] INFO  KHSPortal_Automation  - Order downloaded: 0045195690
2020-08-04 19:46:16,629 [main] INFO  KHSPortal_Automation  - Login Successfull
2020-08-04 19:46:17,670 [main] INFO  KHSPortal_Automation  - Order downloaded: 0045195689
2020-08-04 19:46:19,072 [main] INFO  KHSPortal_Automation  - Login Successfull
2020-08-04 19:46:19,867 [main] INFO  KHSPortal_Automation  - Order downloaded: 0045195681
2020-08-04 19:46:22,061 [main] INFO  KHSPortal_Automation  - Order downloaded: 0045190160
2020-08-04 19:46:22,143 [main] INFO  KHSPortal_Automation  - Login Successfull
2020-08-04 19:46:23,036 [main] INFO  KHSPortal_Automation  - Order listing Sussessfull
2020-08-04 19:46:23,401 [main] INFO  KHSPortal_Automation  - Order downloaded: 0045195690
2020-08-04 19:46:25,413 [main] INFO  KHSPortal_Automation  - Order listing Sussessfull
2020-08-04 19:46:25,581 [main] INFO  KHSPortal_Automation  - Order downloaded: 0045195689
2020-08-04 19:46:25,780 [main] INFO  KHSPortal_Automation  - Order downloaded: 0045195690
2020-08-04 19:46:26,155 [main] INFO  KHSPortal_Automation  - Job Started
2020-08-04 19:46:27,820 [main] INFO  KHSPortal_Automation  - Order downloaded: 0045195681
2020-08-04 19:46:28,091 [main] INFO  KHSPortal_Automation  - Order downloaded: 0045195689
2020-08-04 19:46:30,030 [main] INFO  KHSPortal_Automation  - Order downloaded: 0045190160
2020-08-04 19:46:30,086 [main] INFO  KHSPortal_Automation  - Order listing Sussessfull
2020-08-04 19:46:30,305 [main] INFO  KHSPortal_Automation  - Order downloaded: 0045195681
2020-08-04 19:46:30,461 [main] INFO  KHSPortal_Automation  - Order downloaded: 0045195690
2020-08-04 19:46:32,498 [main] INFO  KHSPortal_Automation  - Order downloaded: 0045190160
2020-08-04 19:46:32,661 [main] INFO  KHSPortal_Automation  - Order downloaded: 0045195689
2020-08-04 19:46:34,836 [main] INFO  KHSPortal_Automation  - Order downloaded: 0045195681
2020-08-04 19:46:37,013 [main] INFO  KHSPortal_Automation  - Order downloaded: 0045190160
2020-08-04 19:46:39,245 [main] INFO  KHSPortal_Automation  - Job Started
2020-08-04 19:46:41,441 [main] INFO  KHSPortal_Automation  - Job Started
2020-08-04 19:46:43,780 [main] INFO  KHSPortal_Automation  - Job Started
2020-08-04 19:46:45,084 [main] INFO  KHSPortal_Automation  - Job Started
2020-08-04 19:46:47,646 [main] INFO  KHSPortal_Automation  - Job Started
2020-08-04 19:46:57,555 [main] INFO  KHSPortal_Automation  - Login Successfull
2020-08-04 19:47:12,069 [main] INFO  KHSPortal_Automation  - Order listing Sussessfull
2020-08-04 19:47:12,590 [main] INFO  KHSPortal_Automation  - Order downloaded: 0045195690
2020-08-04 19:47:14,859 [main] INFO  KHSPortal_Automation  - Order downloaded: 0045195689
2020-08-04 19:47:15,493 [main] INFO  KHSPortal_Automation  - Login Successfull
2020-08-04 19:47:20,542 [main] INFO  KHSPortal_Automation  - Login Successfull
2020-08-04 19:47:41,257 [main] INFO  KHSPortal_Automation  - Login Successfull
2020-08-04 19:47:41,375 [main] INFO  KHSPortal_Automation  - Login Successfull
2020-08-04 19:47:42,749 [main] INFO  KHSPortal_Automation  - Login Successfull
2020-08-04 19:50:58,819 [main] INFO  KHSPortal_Automation  - Job Started
2020-08-04 19:51:12,589 [main] INFO  KHSPortal_Automation  - Login Successfull
2020-08-04 19:51:18,343 [main] INFO  KHSPortal_Automation  - Order listing Sussessfull
2020-08-04 19:51:18,704 [main] INFO  KHSPortal_Automation  - Order downloaded: 0045195690
2020-08-04 19:51:20,893 [main] INFO  KHSPortal_Automation  - Order downloaded: 0045195689
2020-08-04 19:51:23,075 [main] INFO  KHSPortal_Automation  - Order downloaded: 0045195681
2020-08-04 19:51:25,254 [main] INFO  KHSPortal_Automation  - Order downloaded: 0045190160
2020-08-04 19:51:29,393 [main] INFO  KHSPortal_Automation  - Job Started
2020-08-04 19:51:42,443 [main] INFO  KHSPortal_Automation  - Job Started
2020-08-04 19:51:43,438 [main] INFO  KHSPortal_Automation  - Login Successfull
2020-08-04 19:51:44,765 [main] INFO  KHSPortal_Automation  - Job Started
2020-08-04 19:51:49,735 [main] INFO  KHSPortal_Automation  - Order listing Sussessfull
2020-08-04 19:51:50,160 [main] INFO  KHSPortal_Automation  - Order downloaded: 0045195690
2020-08-04 19:51:52,347 [main] INFO  KHSPortal_Automation  - Order downloaded: 0045195689
2020-08-04 19:51:54,556 [main] INFO  KHSPortal_Automation  - Order downloaded: 0045195681
2020-08-04 19:51:56,555 [main] INFO  KHSPortal_Automation  - Login Successfull
2020-08-04 19:51:56,755 [main] INFO  KHSPortal_Automation  - Order downloaded: 0045190160
2020-08-04 19:51:57,817 [main] INFO  KHSPortal_Automation  - Login Successfull
2020-08-04 19:52:03,846 [main] INFO  KHSPortal_Automation  - Order listing Sussessfull
2020-08-04 19:52:04,166 [main] INFO  KHSPortal_Automation  - Order listing Sussessfull
2020-08-04 19:52:04,209 [main] INFO  KHSPortal_Automation  - Order downloaded: 0045195690
2020-08-04 19:52:04,515 [main] INFO  KHSPortal_Automation  - Order downloaded: 0045195690
2020-08-04 19:52:06,385 [main] INFO  KHSPortal_Automation  - Order downloaded: 0045195689
2020-08-04 19:52:06,692 [main] INFO  KHSPortal_Automation  - Order downloaded: 0045195689
2020-08-04 19:52:08,566 [main] INFO  KHSPortal_Automation  - Order downloaded: 0045195681
2020-08-04 19:52:08,870 [main] INFO  KHSPortal_Automation  - Order downloaded: 0045195681
2020-08-04 19:52:10,751 [main] INFO  KHSPortal_Automation  - Order downloaded: 0045190160
2020-08-04 19:52:11,048 [main] INFO  KHSPortal_Automation  - Order downloaded: 0045190160
2020-08-04 19:52:20,750 [main] INFO  KHSPortal_Automation  - Job Started
2020-08-04 19:52:35,388 [main] INFO  KHSPortal_Automation  - Login Successfull
2020-08-04 19:52:42,948 [main] INFO  KHSPortal_Automation  - Order listing Sussessfull
2020-08-04 19:52:43,298 [main] INFO  KHSPortal_Automation  - Order downloaded: 0045195690
2020-08-04 19:52:45,486 [main] INFO  KHSPortal_Automation  - Order downloaded: 0045195689
2020-08-04 19:52:47,676 [main] INFO  KHSPortal_Automation  - Order downloaded: 0045195681
2020-08-04 19:52:49,884 [main] INFO  KHSPortal_Automation  - Order downloaded: 0045190160
2020-08-04 19:53:03,483 [main] INFO  KHSPortal_Automation  - Job Ended
2020-08-04 20:09:39,403 [main] INFO  KHSPortal_Automation  - Job Started
2020-08-04 20:09:54,133 [main] INFO  KHSPortal_Automation  - Login Successfull
2020-08-04 20:09:58,942 [main] INFO  KHSPortal_Automation  - Order listing Sussessfull
2020-08-04 20:09:59,301 [main] INFO  KHSPortal_Automation  - Order downloaded: 0045195690
2020-08-04 20:10:01,479 [main] INFO  KHSPortal_Automation  - Order downloaded: 0045195689
2020-08-04 20:10:03,660 [main] INFO  KHSPortal_Automation  - Order downloaded: 0045195681
2020-08-04 20:10:05,836 [main] INFO  KHSPortal_Automation  - Order downloaded: 0045190160
2020-08-04 20:10:09,909 [main] INFO  KHSPortal_Automation  - Job Started
2020-08-04 20:10:22,806 [main] INFO  KHSPortal_Automation  - Login Successfull
2020-08-04 20:10:27,453 [main] INFO  KHSPortal_Automation  - Order listing Sussessfull
2020-08-04 20:10:27,828 [main] INFO  KHSPortal_Automation  - Order downloaded: 0045195690
2020-08-04 20:10:30,020 [main] INFO  KHSPortal_Automation  - Order downloaded: 0045195689
2020-08-04 20:10:32,194 [main] INFO  KHSPortal_Automation  - Order downloaded: 0045195681
2020-08-04 20:11:01,968 [main] INFO  KHSPortal_Automation  - Job Started
2020-08-04 20:11:28,626 [main] INFO  KHSPortal_Automation  - Job Started
2020-08-04 20:11:43,883 [main] INFO  KHSPortal_Automation  - Login Successfull
2020-08-04 20:11:49,050 [main] INFO  KHSPortal_Automation  - Order listing Sussessfull
2020-08-04 20:11:54,417 [main] INFO  KHSPortal_Automation  - Order downloaded: 0045195690
2020-08-04 20:12:01,599 [main] INFO  KHSPortal_Automation  - Order downloaded: 0045195689
2020-08-04 20:12:03,775 [main] INFO  KHSPortal_Automation  - Order downloaded: 0045195681
2020-08-04 20:12:05,978 [main] INFO  KHSPortal_Automation  - Order downloaded: 0045190160
2020-08-04 20:12:14,858 [main] INFO  KHSPortal_Automation  - Job Ended
2020-08-04 20:15:28,381 [main] INFO  KHSPortal_Automation  - Job Started
2020-08-04 20:15:41,813 [main] INFO  KHSPortal_Automation  - Login Successfull
2020-08-04 20:15:46,122 [main] INFO  KHSPortal_Automation  - Order listing Sussessfull
2020-08-04 20:15:46,490 [main] INFO  KHSPortal_Automation  - Order downloaded: 0045195690
2020-08-04 20:15:48,699 [main] INFO  KHSPortal_Automation  - Order downloaded: 0045195689
2020-08-04 20:15:50,890 [main] INFO  KHSPortal_Automation  - Order downloaded: 0045195681
2020-08-04 20:15:53,068 [main] INFO  KHSPortal_Automation  - Order downloaded: 0045190160
2020-08-04 20:16:01,901 [main] INFO  KHSPortal_Automation  - Job Ended
2020-08-04 20:47:55,830 [main] INFO  KHSPortal_Automation  - Job Started
2020-08-04 20:48:09,449 [main] INFO  KHSPortal_Automation  - Login Successfull
2020-08-04 20:48:13,722 [main] INFO  KHSPortal_Automation  - Order listing Sussessfull
2020-08-04 20:48:14,086 [main] INFO  KHSPortal_Automation  - Order downloaded: 0045195690
2020-08-04 20:48:16,277 [main] INFO  KHSPortal_Automation  - Order downloaded: 0045195689
2020-08-04 20:48:18,463 [main] INFO  KHSPortal_Automation  - Order downloaded: 0045195681
2020-08-04 20:48:20,661 [main] INFO  KHSPortal_Automation  - Order downloaded: 0045190160
2020-08-04 20:48:33,728 [main] INFO  KHSPortal_Automation  - Job Ended
