2020-06-07 20:33:21 INFO  KHSPortal_Automation:53 - Job Started
2020-06-07 20:33:37 INFO  KHSPortal_Automation:86 - Login Successfull
2020-06-07 20:33:45 INFO  KHSPortal_Automation:105 - Order listing Sussessfull
2020-06-07 20:33:45 INFO  KHSPortal_Automation:144 - Order downloaded: 5500349688
2020-06-07 20:33:47 INFO  KHSPortal_Automation:144 - Order downloaded: 0045178179
2020-06-07 20:33:49 INFO  KHSPortal_Automation:144 - Order downloaded: 0045177297
2020-06-07 20:33:52 INFO  KHSPortal_Automation:144 - Order downloaded: 0045176811
2020-06-07 20:33:54 INFO  KHSPortal_Automation:144 - Order downloaded: 0045176372
2020-06-07 20:33:56 INFO  KHSPortal_Automation:144 - Order downloaded: 0045176334
2020-06-07 20:34:05 INFO  KHSPortal_Automation:177 - Job Ended
2020-06-07 20:35:54 INFO  KHSPortal_Automation:53 - Job Started
2020-06-07 20:36:08 INFO  KHSPortal_Automation:86 - Login Successfull
2020-06-07 20:36:15 INFO  KHSPortal_Automation:105 - Order listing Sussessfull
2020-06-07 20:36:15 INFO  KHSPortal_Automation:144 - Order downloaded: 5500349688
2020-06-07 20:36:17 INFO  KHSPortal_Automation:144 - Order downloaded: 0045178179
2020-06-07 20:36:20 INFO  KHSPortal_Automation:144 - Order downloaded: 0045177297
2020-06-07 20:36:22 INFO  KHSPortal_Automation:144 - Order downloaded: 0045176811
2020-06-07 20:36:24 INFO  KHSPortal_Automation:144 - Order downloaded: 0045176372
2020-06-07 20:36:26 INFO  KHSPortal_Automation:144 - Order downloaded: 0045176334
2020-06-07 20:36:36 INFO  KHSPortal_Automation:177 - Job Ended
2020-06-07 20:42:08 INFO  KHSPortal_Automation:53 - Job Started
2020-06-07 20:42:24 INFO  KHSPortal_Automation:86 - Login Successfull
2020-06-07 20:42:41 INFO  KHSPortal_Automation:105 - Order listing Sussessfull
2020-06-07 20:42:41 INFO  KHSPortal_Automation:144 - Order downloaded: 5500349688
2020-06-07 20:42:43 INFO  KHSPortal_Automation:144 - Order downloaded: 0045178179
2020-06-07 20:42:45 INFO  KHSPortal_Automation:144 - Order downloaded: 0045177297
2020-06-07 20:42:48 INFO  KHSPortal_Automation:144 - Order downloaded: 0045176811
2020-06-07 20:42:50 INFO  KHSPortal_Automation:144 - Order downloaded: 0045176372
2020-06-07 20:42:52 INFO  KHSPortal_Automation:144 - Order downloaded: 0045176334
2020-06-07 20:43:01 INFO  KHSPortal_Automation:177 - Job Ended
