2020-08-10 16:44:39,425 [main] INFO  KHSPortal_Automation  - Job Started
2020-08-10 16:45:08,886 [main] INFO  KHSPortal_Automation  - Login Successfull
2020-08-10 16:45:31,367 [main] INFO  KHSPortal_Automation  - Order listing Sussessfull
2020-08-10 16:45:32,442 [main] INFO  KHSPortal_Automation  - Order downloaded: 0045197560
2020-08-10 16:45:34,839 [main] INFO  KHSPortal_Automation  - Order downloaded: 0045197473
2020-08-10 16:45:37,255 [main] INFO  KHSPortal_Automation  - Order downloaded: 0045197472
2020-08-10 16:45:39,783 [main] INFO  KHSPortal_Automation  - Order downloaded: 0045196634
2020-08-10 16:45:42,206 [main] INFO  KHSPortal_Automation  - Order downloaded: 0045196203
2020-08-10 16:45:56,646 [main] INFO  KHSPortal_Automation  - Job Ended
2020-08-10 17:21:20,564 [main] INFO  KHSPortal_Automation  - Job Started
2020-08-10 17:21:40,949 [main] INFO  KHSPortal_Automation  - Login Successfull
2020-08-10 17:21:49,063 [main] INFO  KHSPortal_Automation  - Order listing Sussessfull
2020-08-10 17:21:50,098 [main] INFO  KHSPortal_Automation  - Order downloaded: 0045197474
2020-08-10 17:21:52,548 [main] INFO  KHSPortal_Automation  - Order downloaded: 0045196634
2020-08-10 17:21:55,006 [main] INFO  KHSPortal_Automation  - Order downloaded: 0045196203
2020-08-10 17:21:59,570 [main] INFO  KHSPortal_Automation  - Job Started
2020-08-10 17:22:40,581 [main] INFO  KHSPortal_Automation  - Job Started
2020-08-10 17:31:04,003 [main] INFO  KHSPortal_Automation  - Job Started
2020-08-10 17:33:00,446 [main] INFO  KHSPortal_Automation  - Login Successfull
2020-08-10 17:33:09,129 [main] INFO  KHSPortal_Automation  - Order listing Sussessfull
2020-08-10 17:33:09,789 [main] INFO  KHSPortal_Automation  - Order downloaded: 0045197474
2020-08-10 17:33:12,200 [main] INFO  KHSPortal_Automation  - Order downloaded: 0045196634
2020-08-10 17:33:14,563 [main] INFO  KHSPortal_Automation  - Order downloaded: 0045196203
2020-08-10 17:33:24,600 [main] INFO  KHSPortal_Automation  - Job Ended
2020-08-10 17:51:25,176 [main] INFO  KHSPortal_Automation  - Job Started
2020-08-10 17:51:42,054 [main] INFO  KHSPortal_Automation  - Login Successfull
2020-08-10 17:51:54,524 [main] INFO  KHSPortal_Automation  - Order listing Sussessfull
2020-08-10 17:51:55,337 [main] INFO  KHSPortal_Automation  - Order downloaded: 0045197474
2020-08-10 17:51:57,785 [main] INFO  KHSPortal_Automation  - Order downloaded: 0045196634
2020-08-10 17:52:00,224 [main] INFO  KHSPortal_Automation  - Order downloaded: 0045196203
2020-08-10 17:52:12,294 [main] INFO  KHSPortal_Automation  - Job Ended
2020-08-10 18:54:37,323 [main] INFO  KHSPortal_Automation  - Job Started
2020-08-10 18:54:58,103 [main] INFO  KHSPortal_Automation  - Login Successfull
2020-08-10 18:55:03,518 [main] INFO  KHSPortal_Automation  - Order listing Sussessfull
2020-08-10 18:55:04,549 [main] INFO  KHSPortal_Automation  - Order downloaded: 0045196634
2020-08-10 18:55:06,899 [main] INFO  KHSPortal_Automation  - Order downloaded: 0045196203
2020-08-10 18:55:16,955 [main] INFO  KHSPortal_Automation  - Job Ended
