2020-08-06 10:50:19,941 [main] INFO  KHSPortal_Automation  - Job Started
2020-08-06 10:51:18,474 [main] INFO  KHSPortal_Automation  - Login Successfull
2020-08-06 10:51:33,498 [main] INFO  KHSPortal_Automation  - Order listing Sussessfull
2020-08-06 10:51:34,396 [main] INFO  KHSPortal_Automation  - Order downloaded: 0045190160
2020-08-06 10:51:41,542 [main] INFO  KHSPortal_Automation  - Job Ended
2020-08-06 10:52:01,339 [main] INFO  KHSPortal_Automation  - Job Started
2020-08-06 10:52:28,450 [main] INFO  KHSPortal_Automation  - Login Successfull
2020-08-06 10:54:27,427 [main] INFO  KHSPortal_Automation  - Job Started
2020-08-06 10:54:47,848 [main] INFO  KHSPortal_Automation  - Login Successfull
2020-08-06 10:54:55,948 [main] INFO  KHSPortal_Automation  - Order listing Sussessfull
2020-08-06 10:54:56,742 [main] INFO  KHSPortal_Automation  - Order downloaded: 0045190160
2020-08-06 10:55:03,857 [main] INFO  KHSPortal_Automation  - Job Ended
2020-08-06 11:02:30,862 [main] INFO  KHSPortal_Automation  - Job Started
2020-08-06 11:02:53,887 [main] INFO  KHSPortal_Automation  - Login Successfull
2020-08-06 11:03:03,379 [main] INFO  KHSPortal_Automation  - Order listing Sussessfull
2020-08-06 11:03:04,207 [main] INFO  KHSPortal_Automation  - Order downloaded: 0045190160
2020-08-06 11:03:11,341 [main] INFO  KHSPortal_Automation  - Job Ended
2020-08-06 14:03:20,689 [main] INFO  KHSPortal_Automation  - Job Started
2020-08-06 14:03:48,263 [main] INFO  KHSPortal_Automation  - Login Successfull
2020-08-06 14:03:56,243 [main] INFO  KHSPortal_Automation  - Order listing Sussessfull
2020-08-06 14:03:57,210 [main] INFO  KHSPortal_Automation  - Order downloaded: 0045196634
2020-08-06 14:03:59,644 [main] INFO  KHSPortal_Automation  - Order downloaded: 0045196203
2020-08-06 14:04:04,395 [main] INFO  KHSPortal_Automation  - Job Started
2020-08-06 14:04:29,514 [main] INFO  KHSPortal_Automation  - Job Started
2020-08-06 14:04:48,450 [main] INFO  KHSPortal_Automation  - Login Successfull
2020-08-06 14:04:56,331 [main] INFO  KHSPortal_Automation  - Order listing Sussessfull
2020-08-06 14:04:57,424 [main] INFO  KHSPortal_Automation  - Order downloaded: 0045196634
2020-08-06 14:04:59,826 [main] INFO  KHSPortal_Automation  - Order downloaded: 0045196203
2020-08-06 14:05:09,182 [main] INFO  KHSPortal_Automation  - Job Ended
2020-08-06 17:11:38,213 [main] INFO  KHSPortal_Automation  - Job Started
2020-08-06 17:12:04,694 [main] INFO  KHSPortal_Automation  - Login Successfull
2020-08-06 17:12:10,620 [main] INFO  KHSPortal_Automation  - Order listing Sussessfull
2020-08-06 17:12:11,892 [main] INFO  KHSPortal_Automation  - Order downloaded: 0045196634
2020-08-06 17:12:14,379 [main] INFO  KHSPortal_Automation  - Order downloaded: 0045196203
2020-08-06 17:12:23,996 [main] INFO  KHSPortal_Automation  - Job Ended
2020-08-06 17:25:45,007 [main] INFO  KHSPortal_Automation  - Job Started
2020-08-06 17:26:11,877 [main] INFO  KHSPortal_Automation  - Login Successfull
2020-08-06 17:26:18,432 [main] INFO  KHSPortal_Automation  - Order listing Sussessfull
2020-08-06 17:26:19,318 [main] INFO  KHSPortal_Automation  - Order downloaded: 0045196951
2020-08-06 17:26:21,721 [main] INFO  KHSPortal_Automation  - Order downloaded: 0045196934
2020-08-06 17:26:24,141 [main] INFO  KHSPortal_Automation  - Order downloaded: 0045196634
2020-08-06 17:26:26,548 [main] INFO  KHSPortal_Automation  - Order downloaded: 0045196203
2020-08-06 17:26:40,790 [main] INFO  KHSPortal_Automation  - Job Ended
2020-08-06 17:33:44,395 [main] INFO  KHSPortal_Automation  - Job Started
2020-08-06 17:34:12,441 [main] INFO  KHSPortal_Automation  - Login Successfull
2020-08-06 17:34:18,422 [main] INFO  KHSPortal_Automation  - Order listing Sussessfull
2020-08-06 17:34:19,288 [main] INFO  KHSPortal_Automation  - Order downloaded: 0045196951
2020-08-06 17:34:21,644 [main] INFO  KHSPortal_Automation  - Order downloaded: 0045196934
2020-08-06 17:34:23,993 [main] INFO  KHSPortal_Automation  - Order downloaded: 0045196634
2020-08-06 17:34:26,420 [main] INFO  KHSPortal_Automation  - Order downloaded: 0045196203
2020-08-06 17:34:40,427 [main] INFO  KHSPortal_Automation  - Job Ended
