2020-08-11 11:30:57,094 [main] INFO  KHSPortal_Automation  - Job Started
2020-08-11 11:31:15,116 [main] INFO  KHSPortal_Automation  - Login Successfull
2020-08-11 11:31:22,601 [main] INFO  KHSPortal_Automation  - Order listing Sussessfull
2020-08-11 11:31:23,572 [main] INFO  KHSPortal_Automation  - Order downloaded: 0045197662
2020-08-11 11:31:25,963 [main] INFO  KHSPortal_Automation  - Order downloaded: 0045196634
2020-08-11 11:31:28,383 [main] INFO  KHSPortal_Automation  - Order downloaded: 0045196203
2020-08-11 11:31:37,956 [main] INFO  KHSPortal_Automation  - Job Ended
2020-08-11 11:32:28,035 [main] INFO  KHSPortal_Automation  - Job Started
2020-08-11 11:32:56,331 [main] INFO  KHSPortal_Automation  - Login Successfull
2020-08-11 11:33:04,083 [main] INFO  KHSPortal_Automation  - Order listing Sussessfull
2020-08-11 11:33:05,138 [main] INFO  KHSPortal_Automation  - Order downloaded: 0045197662
2020-08-11 11:33:07,457 [main] INFO  KHSPortal_Automation  - Order downloaded: 0045196634
2020-08-11 11:33:09,834 [main] INFO  KHSPortal_Automation  - Order downloaded: 0045196203
2020-08-11 11:33:21,739 [main] INFO  KHSPortal_Automation  - Job Ended
2020-08-11 13:47:18,099 [main] INFO  KHSPortal_Automation  - Job Started
2020-08-11 13:47:57,918 [main] INFO  KHSPortal_Automation  - Login Successfull
2020-08-11 13:48:06,408 [main] INFO  KHSPortal_Automation  - Order listing Sussessfull
2020-08-11 13:48:07,333 [main] INFO  KHSPortal_Automation  - Order downloaded: 0045196634
2020-08-11 13:55:56,955 [main] INFO  KHSPortal_Automation  - Job Started
2020-08-11 13:56:41,837 [main] INFO  KHSPortal_Automation  - Login Successfull
2020-08-11 13:56:53,338 [main] INFO  KHSPortal_Automation  - Order listing Sussessfull
2020-08-11 13:56:54,252 [main] INFO  KHSPortal_Automation  - Order downloaded: 0045196634
2020-08-11 14:11:05,846 [main] INFO  KHSPortal_Automation  - Job Started
2020-08-11 14:11:41,421 [main] INFO  KHSPortal_Automation  - Login Successfull
2020-08-11 14:11:59,531 [main] INFO  KHSPortal_Automation  - Order listing Sussessfull
2020-08-11 14:12:00,392 [main] INFO  KHSPortal_Automation  - Order downloaded: 0045196634
2020-08-11 14:12:07,566 [main] INFO  KHSPortal_Automation  - Job Ended
2020-08-11 14:22:39,553 [main] INFO  KHSPortal_Automation  - Job Started
2020-08-11 14:23:08,494 [main] INFO  KHSPortal_Automation  - Login Successfull
2020-08-11 14:23:15,311 [main] INFO  KHSPortal_Automation  - Order listing Sussessfull
2020-08-11 14:23:16,112 [main] INFO  KHSPortal_Automation  - Order downloaded: 0045196634
2020-08-11 14:23:23,355 [main] INFO  KHSPortal_Automation  - Job Ended
2020-08-11 15:13:35,955 [main] INFO  KHSPortal_Automation  - Job Started
2020-08-11 15:13:49,110 [main] INFO  KHSPortal_Automation  - Login Successfull
2020-08-11 15:13:53,049 [main] INFO  KHSPortal_Automation  - Order listing Sussessfull
2020-08-11 15:13:53,631 [main] INFO  KHSPortal_Automation  - Order downloaded: 0045197976
2020-08-11 15:13:55,897 [main] INFO  KHSPortal_Automation  - Order downloaded: 0045196634
2020-08-11 15:14:04,818 [main] INFO  KHSPortal_Automation  - Job Ended
2020-08-11 17:30:59,696 [main] INFO  KHSPortal_Automation  - Job Started
2020-08-11 17:31:22,264 [main] INFO  KHSPortal_Automation  - Login Successfull
2020-08-11 17:31:29,763 [main] INFO  KHSPortal_Automation  - Order listing Sussessfull
2020-08-11 17:31:30,950 [main] INFO  KHSPortal_Automation  - Order downloaded: 0045197976
2020-08-11 17:31:33,348 [main] INFO  KHSPortal_Automation  - Order downloaded: 0045196634
2020-08-11 17:31:42,868 [main] INFO  KHSPortal_Automation  - Job Ended
